<?xml version="1.0" encoding="UTF-8"?>
<testng-results ignored="0" total="1" passed="1" failed="0" skipped="0">
  <reporter-output>
  </reporter-output>
  <suite started-at="2023-03-14T09:36:43 IST" name="Default suite" finished-at="2023-03-14T09:36:43 IST" duration-ms="81">
    <groups>
    </groups>
    <test started-at="2023-03-14T09:36:43 IST" name="Default test" finished-at="2023-03-14T09:36:43 IST" duration-ms="81">
      <class name="Ustbatchno3.TestNG1.Vishatest">
        <test-method signature="Constru()[pri:0, instance:Ustbatchno3.TestNG1.Vishatest@4b0b0854]" started-at="2023-03-14T09:36:43 IST" name="Constru" finished-at="2023-03-14T09:36:43 IST" duration-ms="20" status="PASS">
          <reporter-output>
          </reporter-output>
        </test-method> <!-- Constru -->
      </class> <!-- Ustbatchno3.TestNG1.Vishatest -->
    </test> <!-- Default test -->
  </suite> <!-- Default suite -->
</testng-results>
